1555581762041	mozrunner::runner	INFO	Running command: "/Applications/Firefox.app/Contents/MacOS/firefox-bin" "-marionette" "-foreground" "-no-remote" "-profile" "/var/folders/kd/7vdk5h_j6yvf9hg9ppbl1dzh0000gn/T/rust_mozprofile.8oddYO8RZHvQ"
1555581762566	addons.webextension.screenshots@mozilla.org	WARN	Loading extension 'screenshots@mozilla.org': Reading manifest: Invalid extension permission: mozillaAddons
1555581762566	addons.webextension.screenshots@mozilla.org	WARN	Loading extension 'screenshots@mozilla.org': Reading manifest: Invalid extension permission: resource://pdf.js/
1555581762566	addons.webextension.screenshots@mozilla.org	WARN	Loading extension 'screenshots@mozilla.org': Reading manifest: Invalid extension permission: about:reader*
1555581764138	Marionette	INFO	Listening on port 54351
1555581764218	Marionette	WARN	TLS certificate errors will be ignored for this session
1555581784374	Marionette	INFO	Stopped listening on port 54351
1555588237504	mozrunner::runner	INFO	Running command: "/Applications/Firefox.app/Contents/MacOS/firefox-bin" "-marionette" "-foreground" "-no-remote" "-profile" "/var/folders/kd/7vdk5h_j6yvf9hg9ppbl1dzh0000gn/T/rust_mozprofile.bIj20Q21OcTR"
1555588237975	addons.webextension.screenshots@mozilla.org	WARN	Loading extension 'screenshots@mozilla.org': Reading manifest: Invalid extension permission: mozillaAddons
1555588237975	addons.webextension.screenshots@mozilla.org	WARN	Loading extension 'screenshots@mozilla.org': Reading manifest: Invalid extension permission: resource://pdf.js/
1555588237975	addons.webextension.screenshots@mozilla.org	WARN	Loading extension 'screenshots@mozilla.org': Reading manifest: Invalid extension permission: about:reader*
1555588239425	Marionette	INFO	Listening on port 57263
1555588239472	Marionette	WARN	TLS certificate errors will be ignored for this session
1555588259565	Marionette	INFO	Stopped listening on port 57263
1555651185933	mozrunner::runner	INFO	Running command: "/Applications/Firefox.app/Contents/MacOS/firefox-bin" "-marionette" "-foreground" "-no-remote" "-profile" "/var/folders/kd/7vdk5h_j6yvf9hg9ppbl1dzh0000gn/T/rust_mozprofile.pcPizZa6TjJf"
1555651186555	addons.webextension.screenshots@mozilla.org	WARN	Loading extension 'screenshots@mozilla.org': Reading manifest: Invalid extension permission: mozillaAddons
1555651186556	addons.webextension.screenshots@mozilla.org	WARN	Loading extension 'screenshots@mozilla.org': Reading manifest: Invalid extension permission: resource://pdf.js/
1555651186556	addons.webextension.screenshots@mozilla.org	WARN	Loading extension 'screenshots@mozilla.org': Reading manifest: Invalid extension permission: about:reader*
1555651188285	Marionette	INFO	Listening on port 61635
1555651188306	Marionette	WARN	TLS certificate errors will be ignored for this session
1555651208410	Marionette	INFO	Stopped listening on port 61635
1555652265021	mozrunner::runner	INFO	Running command: "/Applications/Firefox.app/Contents/MacOS/firefox-bin" "-marionette" "-foreground" "-no-remote" "-profile" "/var/folders/kd/7vdk5h_j6yvf9hg9ppbl1dzh0000gn/T/rust_mozprofile.FXdU1JgGL6CD"
1555652265467	addons.webextension.screenshots@mozilla.org	WARN	Loading extension 'screenshots@mozilla.org': Reading manifest: Invalid extension permission: mozillaAddons
1555652265467	addons.webextension.screenshots@mozilla.org	WARN	Loading extension 'screenshots@mozilla.org': Reading manifest: Invalid extension permission: resource://pdf.js/
1555652265468	addons.webextension.screenshots@mozilla.org	WARN	Loading extension 'screenshots@mozilla.org': Reading manifest: Invalid extension permission: about:reader*
1555652266906	Marionette	INFO	Listening on port 62819
1555652266975	Marionette	WARN	TLS certificate errors will be ignored for this session
1555652289451	Marionette	INFO	Stopped listening on port 62819
1555657992678	mozrunner::runner	INFO	Running command: "/Applications/Firefox.app/Contents/MacOS/firefox-bin" "-marionette" "--headless" "--disable-gpu" "-foreground" "-no-remote" "-profile" "/var/folders/kd/7vdk5h_j6yvf9hg9ppbl1dzh0000gn/T/rust_mozprofile.vjkNDecFOwKg"
*** You are running in headless mode.
1555657993131	addons.webextension.screenshots@mozilla.org	WARN	Loading extension 'screenshots@mozilla.org': Reading manifest: Invalid extension permission: mozillaAddons
1555657993132	addons.webextension.screenshots@mozilla.org	WARN	Loading extension 'screenshots@mozilla.org': Reading manifest: Invalid extension permission: resource://pdf.js/
1555657993132	addons.webextension.screenshots@mozilla.org	WARN	Loading extension 'screenshots@mozilla.org': Reading manifest: Invalid extension permission: about:reader*
1555657994546	Marionette	INFO	Listening on port 54139
1555657994622	Marionette	WARN	TLS certificate errors will be ignored for this session
console.error: BroadcastService: 
  receivedBroadcastMessage: handler for
  remote-settings/monitor_changes
  threw error:
  Message: Error: Polling for changes failed: NetworkError when attempting to fetch resource..
  Stack:
    remoteSettingsFunction/remoteSettings.pollChanges@resource://services-settings/remote-settings.js:190:13

1555658024700	Marionette	INFO	Stopped listening on port 54139
1555658658405	mozrunner::runner	INFO	Running command: "/Applications/Firefox.app/Contents/MacOS/firefox-bin" "-marionette" "--headless" "--disable-gpu" "-foreground" "-no-remote" "-profile" "/var/folders/kd/7vdk5h_j6yvf9hg9ppbl1dzh0000gn/T/rust_mozprofile.PJdut6Z27IG6"
*** You are running in headless mode.
1555658658788	addons.webextension.screenshots@mozilla.org	WARN	Loading extension 'screenshots@mozilla.org': Reading manifest: Invalid extension permission: mozillaAddons
1555658658788	addons.webextension.screenshots@mozilla.org	WARN	Loading extension 'screenshots@mozilla.org': Reading manifest: Invalid extension permission: resource://pdf.js/
1555658658788	addons.webextension.screenshots@mozilla.org	WARN	Loading extension 'screenshots@mozilla.org': Reading manifest: Invalid extension permission: about:reader*
1555658660136	Marionette	INFO	Listening on port 55011
1555658660235	Marionette	WARN	TLS certificate errors will be ignored for this session
console.error: BroadcastService: 
  receivedBroadcastMessage: handler for
  remote-settings/monitor_changes
  threw error:
  Message: Error: Polling for changes failed: NetworkError when attempting to fetch resource..
  Stack:
    remoteSettingsFunction/remoteSettings.pollChanges@resource://services-settings/remote-settings.js:190:13

JavaScript warning: https://ieeexplore.ieee.org/assets/dist/js/vendor.js?cv=20190416_000001, line 33: Error: WebGL warning: <SetDimensions>: Can't use WebGL in headless mode (https://bugzil.la/1375585).
JavaScript warning: https://ieeexplore.ieee.org/assets/dist/js/vendor.js?cv=20190416_000001, line 33: Error: WebGL warning: <SetDimensions>: Failed to create WebGL context: WebGL creation failed: 
* Can't use WebGL in headless mode (https://bugzil.la/1375585).
JavaScript warning: https://ieeexplore.ieee.org/assets/dist/js/vendor.js?cv=20190416_000001, line 33: Error: WebGL warning: <SetDimensions>: Can't use WebGL in headless mode (https://bugzil.la/1375585).
JavaScript warning: https://ieeexplore.ieee.org/assets/dist/js/vendor.js?cv=20190416_000001, line 33: Error: WebGL warning: <SetDimensions>: Failed to create WebGL context: WebGL creation failed: 
* Can't use WebGL in headless mode (https://bugzil.la/1375585).
JavaScript error: https://ieeexplore.ieee.org/assets/dist/js/core.js?cv=20190416_000001, line 1: TypeError: jQuery.debounce is not a function
1555658690551	Marionette	INFO	Stopped listening on port 55011
1555658812564	mozrunner::runner	INFO	Running command: "/Applications/Firefox.app/Contents/MacOS/firefox-bin" "-marionette" "-foreground" "-no-remote" "-profile" "/var/folders/kd/7vdk5h_j6yvf9hg9ppbl1dzh0000gn/T/rust_mozprofile.oYObZFDGGJKk"
1555658813003	addons.webextension.screenshots@mozilla.org	WARN	Loading extension 'screenshots@mozilla.org': Reading manifest: Invalid extension permission: mozillaAddons
1555658813003	addons.webextension.screenshots@mozilla.org	WARN	Loading extension 'screenshots@mozilla.org': Reading manifest: Invalid extension permission: resource://pdf.js/
1555658813003	addons.webextension.screenshots@mozilla.org	WARN	Loading extension 'screenshots@mozilla.org': Reading manifest: Invalid extension permission: about:reader*
1555658814407	Marionette	INFO	Listening on port 55083
1555658814417	Marionette	WARN	TLS certificate errors will be ignored for this session
1555658844835	Marionette	INFO	Stopped listening on port 55083
1555658906671	mozrunner::runner	INFO	Running command: "/Applications/Firefox.app/Contents/MacOS/firefox-bin" "-marionette" "--headless" "-foreground" "-no-remote" "-profile" "/var/folders/kd/7vdk5h_j6yvf9hg9ppbl1dzh0000gn/T/rust_mozprofile.3KF5hGt4ywMq"
*** You are running in headless mode.
1555658907045	addons.webextension.screenshots@mozilla.org	WARN	Loading extension 'screenshots@mozilla.org': Reading manifest: Invalid extension permission: mozillaAddons
1555658907045	addons.webextension.screenshots@mozilla.org	WARN	Loading extension 'screenshots@mozilla.org': Reading manifest: Invalid extension permission: resource://pdf.js/
1555658907045	addons.webextension.screenshots@mozilla.org	WARN	Loading extension 'screenshots@mozilla.org': Reading manifest: Invalid extension permission: about:reader*
1555658908283	Marionette	INFO	Listening on port 55153
1555658908319	Marionette	WARN	TLS certificate errors will be ignored for this session
JavaScript warning: https://ieeexplore.ieee.org/assets/dist/js/vendor.js?cv=20190416_000001, line 33: Error: WebGL warning: <SetDimensions>: Can't use WebGL in headless mode (https://bugzil.la/1375585).
JavaScript warning: https://ieeexplore.ieee.org/assets/dist/js/vendor.js?cv=20190416_000001, line 33: Error: WebGL warning: <SetDimensions>: Failed to create WebGL context: WebGL creation failed: 
* Can't use WebGL in headless mode (https://bugzil.la/1375585).
JavaScript warning: https://ieeexplore.ieee.org/assets/dist/js/vendor.js?cv=20190416_000001, line 33: Error: WebGL warning: <SetDimensions>: Can't use WebGL in headless mode (https://bugzil.la/1375585).
JavaScript warning: https://ieeexplore.ieee.org/assets/dist/js/vendor.js?cv=20190416_000001, line 33: Error: WebGL warning: <SetDimensions>: Failed to create WebGL context: WebGL creation failed: 
* Can't use WebGL in headless mode (https://bugzil.la/1375585).
console.error: BroadcastService: 
  receivedBroadcastMessage: handler for
  remote-settings/monitor_changes
  threw error:
  Message: Error: Polling for changes failed: NetworkError when attempting to fetch resource..
  Stack:
    remoteSettingsFunction/remoteSettings.pollChanges@resource://services-settings/remote-settings.js:190:13

1555658938711	Marionette	INFO	Stopped listening on port 55153
1555659161136	mozrunner::runner	INFO	Running command: "/Applications/Firefox.app/Contents/MacOS/firefox-bin" "-marionette" "--headless" "-foreground" "-no-remote" "-profile" "/var/folders/kd/7vdk5h_j6yvf9hg9ppbl1dzh0000gn/T/rust_mozprofile.2jNF96BuFDCC"
*** You are running in headless mode.
1555659161514	addons.webextension.screenshots@mozilla.org	WARN	Loading extension 'screenshots@mozilla.org': Reading manifest: Invalid extension permission: mozillaAddons
1555659161514	addons.webextension.screenshots@mozilla.org	WARN	Loading extension 'screenshots@mozilla.org': Reading manifest: Invalid extension permission: resource://pdf.js/
1555659161514	addons.webextension.screenshots@mozilla.org	WARN	Loading extension 'screenshots@mozilla.org': Reading manifest: Invalid extension permission: about:reader*
1555659162769	Marionette	INFO	Listening on port 55275
1555659162775	Marionette	WARN	TLS certificate errors will be ignored for this session
JavaScript error: resource:///actors/NetErrorChild.jsm, line 692: NS_ERROR_FAILURE: Component returned failure code: 0x80004005 (NS_ERROR_FAILURE) [nsIStringBundle.GetStringFromName]
console.error: BroadcastService: 
  receivedBroadcastMessage: handler for
  remote-settings/monitor_changes
  threw error:
  Message: Error: Polling for changes failed: NetworkError when attempting to fetch resource..
  Stack:
    remoteSettingsFunction/remoteSettings.pollChanges@resource://services-settings/remote-settings.js:190:13

Exiting due to channel error.
Exiting due to channel error.
[GFX1-]: Receive IPC close with reason=AbnormalShutdown
Exiting due to channel error.
1555660847073	mozrunner::runner	INFO	Running command: "/Applications/Firefox.app/Contents/MacOS/firefox-bin" "-marionette" "--headless" "-foreground" "-no-remote" "-profile" "/var/folders/kd/7vdk5h_j6yvf9hg9ppbl1dzh0000gn/T/rust_mozprofile.uOMAYcVAvYPf"
*** You are running in headless mode.
1555660847465	addons.webextension.screenshots@mozilla.org	WARN	Loading extension 'screenshots@mozilla.org': Reading manifest: Invalid extension permission: mozillaAddons
1555660847465	addons.webextension.screenshots@mozilla.org	WARN	Loading extension 'screenshots@mozilla.org': Reading manifest: Invalid extension permission: resource://pdf.js/
1555660847465	addons.webextension.screenshots@mozilla.org	WARN	Loading extension 'screenshots@mozilla.org': Reading manifest: Invalid extension permission: about:reader*
1555660848719	Marionette	INFO	Listening on port 55577
1555660848815	Marionette	WARN	TLS certificate errors will be ignored for this session
JavaScript warning: https://ieeexplore.ieee.org/assets/dist/js/vendor.js?cv=20190416_000001, line 33: Error: WebGL warning: <SetDimensions>: Can't use WebGL in headless mode (https://bugzil.la/1375585).
JavaScript warning: https://ieeexplore.ieee.org/assets/dist/js/vendor.js?cv=20190416_000001, line 33: Error: WebGL warning: <SetDimensions>: Failed to create WebGL context: WebGL creation failed: 
* Can't use WebGL in headless mode (https://bugzil.la/1375585).
JavaScript warning: https://ieeexplore.ieee.org/assets/dist/js/vendor.js?cv=20190416_000001, line 33: Error: WebGL warning: <SetDimensions>: Can't use WebGL in headless mode (https://bugzil.la/1375585).
JavaScript warning: https://ieeexplore.ieee.org/assets/dist/js/vendor.js?cv=20190416_000001, line 33: Error: WebGL warning: <SetDimensions>: Failed to create WebGL context: WebGL creation failed: 
* Can't use WebGL in headless mode (https://bugzil.la/1375585).
console.error: BroadcastService: 
  receivedBroadcastMessage: handler for
  remote-settings/monitor_changes
  threw error:
  Message: Error: Polling for changes failed: NetworkError when attempting to fetch resource..
  Stack:
    remoteSettingsFunction/remoteSettings.pollChanges@resource://services-settings/remote-settings.js:190:13

1555660897992	Marionette	INFO	Stopped listening on port 55577
1555662334892	mozrunner::runner	INFO	Running command: "/Applications/Firefox.app/Contents/MacOS/firefox-bin" "-marionette" "--headless" "-foreground" "-no-remote" "-profile" "/var/folders/kd/7vdk5h_j6yvf9hg9ppbl1dzh0000gn/T/rust_mozprofile.QIdqWNzZ7fbH"
*** You are running in headless mode.
1555662335264	addons.webextension.screenshots@mozilla.org	WARN	Loading extension 'screenshots@mozilla.org': Reading manifest: Invalid extension permission: mozillaAddons
1555662335265	addons.webextension.screenshots@mozilla.org	WARN	Loading extension 'screenshots@mozilla.org': Reading manifest: Invalid extension permission: resource://pdf.js/
1555662335265	addons.webextension.screenshots@mozilla.org	WARN	Loading extension 'screenshots@mozilla.org': Reading manifest: Invalid extension permission: about:reader*
1555662336503	Marionette	INFO	Listening on port 55688
1555662336540	Marionette	WARN	TLS certificate errors will be ignored for this session
1555662366626	Marionette	INFO	Stopped listening on port 55688
1555662591464	mozrunner::runner	INFO	Running command: "/Applications/Firefox.app/Contents/MacOS/firefox-bin" "-marionette" "--headless" "-foreground" "-no-remote" "-profile" "/var/folders/kd/7vdk5h_j6yvf9hg9ppbl1dzh0000gn/T/rust_mozprofile.phOqWuCGmEC4"
*** You are running in headless mode.
1555662591845	addons.webextension.screenshots@mozilla.org	WARN	Loading extension 'screenshots@mozilla.org': Reading manifest: Invalid extension permission: mozillaAddons
1555662591845	addons.webextension.screenshots@mozilla.org	WARN	Loading extension 'screenshots@mozilla.org': Reading manifest: Invalid extension permission: resource://pdf.js/
1555662591845	addons.webextension.screenshots@mozilla.org	WARN	Loading extension 'screenshots@mozilla.org': Reading manifest: Invalid extension permission: about:reader*
1555662593066	Marionette	INFO	Listening on port 55803
1555662593110	Marionette	WARN	TLS certificate errors will be ignored for this session
console.error: BroadcastService: 
  receivedBroadcastMessage: handler for
  remote-settings/monitor_changes
  threw error:
  Message: Error: Polling for changes failed: NetworkError when attempting to fetch resource..
  Stack:
    remoteSettingsFunction/remoteSettings.pollChanges@resource://services-settings/remote-settings.js:190:13

JavaScript warning: https://ieeexplore.ieee.org/assets/dist/js/vendor.js?cv=20190416_000001, line 33: Error: WebGL warning: <SetDimensions>: Can't use WebGL in headless mode (https://bugzil.la/1375585).
JavaScript warning: https://ieeexplore.ieee.org/assets/dist/js/vendor.js?cv=20190416_000001, line 33: Error: WebGL warning: <SetDimensions>: Failed to create WebGL context: WebGL creation failed: 
* Can't use WebGL in headless mode (https://bugzil.la/1375585).
JavaScript warning: https://ieeexplore.ieee.org/assets/dist/js/vendor.js?cv=20190416_000001, line 33: Error: WebGL warning: <SetDimensions>: Can't use WebGL in headless mode (https://bugzil.la/1375585).
JavaScript warning: https://ieeexplore.ieee.org/assets/dist/js/vendor.js?cv=20190416_000001, line 33: Error: WebGL warning: <SetDimensions>: Failed to create WebGL context: WebGL creation failed: 
* Can't use WebGL in headless mode (https://bugzil.la/1375585).
JavaScript error: https://ieeexplore.ieee.org/search/searchresult.jsp?newsearch=true&contentType=periodicals&queryText=big%20data, line 55: ReferenceError: json is not defined
1555662651612	Marionette	INFO	Stopped listening on port 55803
1555662653047	mozrunner::runner	INFO	Running command: "/Applications/Firefox.app/Contents/MacOS/firefox-bin" "-marionette" "--headless" "-foreground" "-no-remote" "-profile" "/var/folders/kd/7vdk5h_j6yvf9hg9ppbl1dzh0000gn/T/rust_mozprofile.xT2OApPikXDN"
*** You are running in headless mode.
1555662653466	addons.webextension.screenshots@mozilla.org	WARN	Loading extension 'screenshots@mozilla.org': Reading manifest: Invalid extension permission: mozillaAddons
1555662653467	addons.webextension.screenshots@mozilla.org	WARN	Loading extension 'screenshots@mozilla.org': Reading manifest: Invalid extension permission: resource://pdf.js/
1555662653467	addons.webextension.screenshots@mozilla.org	WARN	Loading extension 'screenshots@mozilla.org': Reading manifest: Invalid extension permission: about:reader*
1555662654761	Marionette	INFO	Listening on port 55881
1555662654783	Marionette	WARN	TLS certificate errors will be ignored for this session
JavaScript warning: https://ieeexplore.ieee.org/assets/dist/js/vendor.js?cv=20190416_000001, line 33: Error: WebGL warning: <SetDimensions>: Can't use WebGL in headless mode (https://bugzil.la/1375585).
JavaScript warning: https://ieeexplore.ieee.org/assets/dist/js/vendor.js?cv=20190416_000001, line 33: Error: WebGL warning: <SetDimensions>: Failed to create WebGL context: WebGL creation failed: 
* Can't use WebGL in headless mode (https://bugzil.la/1375585).
JavaScript warning: https://ieeexplore.ieee.org/assets/dist/js/vendor.js?cv=20190416_000001, line 33: Error: WebGL warning: <SetDimensions>: Can't use WebGL in headless mode (https://bugzil.la/1375585).
JavaScript warning: https://ieeexplore.ieee.org/assets/dist/js/vendor.js?cv=20190416_000001, line 33: Error: WebGL warning: <SetDimensions>: Failed to create WebGL context: WebGL creation failed: 
* Can't use WebGL in headless mode (https://bugzil.la/1375585).
console.error: BroadcastService: 
  receivedBroadcastMessage: handler for
  remote-settings/monitor_changes
  threw error:
  Message: Error: Polling for changes failed: NetworkError when attempting to fetch resource..
  Stack:
    remoteSettingsFunction/remoteSettings.pollChanges@resource://services-settings/remote-settings.js:190:13

1555662715357	Marionette	INFO	Stopped listening on port 55881
IPDL protocol error: Handler returned error code!

###!!! [Parent][DispatchAsyncMessage] Error: PLayerTransaction::Msg_ReleaseLayer Processing error: message was deserialized, but the handler returned false (indicating failure)

JavaScript error: resource://gre/modules/WebProgressChild.jsm, line 61: TypeError: this.mm.content is null
[Child 9135, Chrome_ChildThread] WARNING: pipe error: Broken pipe: file /builds/worker/workspace/build/src/ipc/chromium/src/chrome/common/ipc_channel_posix.cc, line 726
[Child 9135, Chrome_ChildThread] WARNING: pipe error: Broken pipe: file /builds/worker/workspace/build/src/ipc/chromium/src/chrome/common/ipc_channel_posix.cc, line 726
1555662716987	mozrunner::runner	INFO	Running command: "/Applications/Firefox.app/Contents/MacOS/firefox-bin" "-marionette" "--headless" "-foreground" "-no-remote" "-profile" "/var/folders/kd/7vdk5h_j6yvf9hg9ppbl1dzh0000gn/T/rust_mozprofile.NvZlwwEftTlr"
*** You are running in headless mode.
1555662717359	addons.webextension.screenshots@mozilla.org	WARN	Loading extension 'screenshots@mozilla.org': Reading manifest: Invalid extension permission: mozillaAddons
1555662717359	addons.webextension.screenshots@mozilla.org	WARN	Loading extension 'screenshots@mozilla.org': Reading manifest: Invalid extension permission: resource://pdf.js/
1555662717359	addons.webextension.screenshots@mozilla.org	WARN	Loading extension 'screenshots@mozilla.org': Reading manifest: Invalid extension permission: about:reader*
1555662718579	Marionette	INFO	Listening on port 55965
1555662718619	Marionette	WARN	TLS certificate errors will be ignored for this session
Exiting due to channel error.
Exiting due to channel error.
[GFX1-]: Receive IPC close with reason=AbnormalShutdown
Exiting due to channel error.
1555996925639	mozrunner::runner	INFO	Running command: "/Applications/Firefox.app/Contents/MacOS/firefox-bin" "-marionette" "--headless" "-foreground" "-no-remote" "-profile" "/var/folders/kd/7vdk5h_j6yvf9hg9ppbl1dzh0000gn/T/rust_mozprofile.VdYAXP4feLyg"
*** You are running in headless mode.
1555996926106	addons.webextension.screenshots@mozilla.org	WARN	Loading extension 'screenshots@mozilla.org': Reading manifest: Invalid extension permission: mozillaAddons
1555996926107	addons.webextension.screenshots@mozilla.org	WARN	Loading extension 'screenshots@mozilla.org': Reading manifest: Invalid extension permission: resource://pdf.js/
1555996926107	addons.webextension.screenshots@mozilla.org	WARN	Loading extension 'screenshots@mozilla.org': Reading manifest: Invalid extension permission: about:reader*
1555996927401	Marionette	INFO	Listening on port 53367
1555996927484	Marionette	WARN	TLS certificate errors will be ignored for this session
JavaScript warning: https://ieeexplore.ieee.org/assets/dist/js/vendor.js?cv=20190416_000001, line 33: Error: WebGL warning: <SetDimensions>: Can't use WebGL in headless mode (https://bugzil.la/1375585).
JavaScript warning: https://ieeexplore.ieee.org/assets/dist/js/vendor.js?cv=20190416_000001, line 33: Error: WebGL warning: <SetDimensions>: Failed to create WebGL context: WebGL creation failed: 
* Can't use WebGL in headless mode (https://bugzil.la/1375585).
JavaScript warning: https://ieeexplore.ieee.org/assets/dist/js/vendor.js?cv=20190416_000001, line 33: Error: WebGL warning: <SetDimensions>: Can't use WebGL in headless mode (https://bugzil.la/1375585).
JavaScript warning: https://ieeexplore.ieee.org/assets/dist/js/vendor.js?cv=20190416_000001, line 33: Error: WebGL warning: <SetDimensions>: Failed to create WebGL context: WebGL creation failed: 
* Can't use WebGL in headless mode (https://bugzil.la/1375585).
1555996936684	Marionette	INFO	Stopped listening on port 53367
1555996938117	mozrunner::runner	INFO	Running command: "/Applications/Firefox.app/Contents/MacOS/firefox-bin" "-marionette" "--headless" "-foreground" "-no-remote" "-profile" "/var/folders/kd/7vdk5h_j6yvf9hg9ppbl1dzh0000gn/T/rust_mozprofile.QbOxyERCXMul"
*** You are running in headless mode.
1555996938481	addons.webextension.screenshots@mozilla.org	WARN	Loading extension 'screenshots@mozilla.org': Reading manifest: Invalid extension permission: mozillaAddons
1555996938482	addons.webextension.screenshots@mozilla.org	WARN	Loading extension 'screenshots@mozilla.org': Reading manifest: Invalid extension permission: resource://pdf.js/
1555996938482	addons.webextension.screenshots@mozilla.org	WARN	Loading extension 'screenshots@mozilla.org': Reading manifest: Invalid extension permission: about:reader*
1555996939712	Marionette	INFO	Listening on port 53469
1555996939745	Marionette	WARN	TLS certificate errors will be ignored for this session
JavaScript warning: https://ieeexplore.ieee.org/assets/dist/js/vendor.js?cv=20190416_000001, line 33: Error: WebGL warning: <SetDimensions>: Can't use WebGL in headless mode (https://bugzil.la/1375585).
JavaScript warning: https://ieeexplore.ieee.org/assets/dist/js/vendor.js?cv=20190416_000001, line 33: Error: WebGL warning: <SetDimensions>: Failed to create WebGL context: WebGL creation failed: 
* Can't use WebGL in headless mode (https://bugzil.la/1375585).
JavaScript warning: https://ieeexplore.ieee.org/assets/dist/js/vendor.js?cv=20190416_000001, line 33: Error: WebGL warning: <SetDimensions>: Can't use WebGL in headless mode (https://bugzil.la/1375585).
JavaScript warning: https://ieeexplore.ieee.org/assets/dist/js/vendor.js?cv=20190416_000001, line 33: Error: WebGL warning: <SetDimensions>: Failed to create WebGL context: WebGL creation failed: 
* Can't use WebGL in headless mode (https://bugzil.la/1375585).
1555996952849	Marionette	INFO	Stopped listening on port 53469
1555996954405	mozrunner::runner	INFO	Running command: "/Applications/Firefox.app/Contents/MacOS/firefox-bin" "-marionette" "--headless" "-foreground" "-no-remote" "-profile" "/var/folders/kd/7vdk5h_j6yvf9hg9ppbl1dzh0000gn/T/rust_mozprofile.i7uceKv4AP5j"
*** You are running in headless mode.
1555996954799	addons.webextension.screenshots@mozilla.org	WARN	Loading extension 'screenshots@mozilla.org': Reading manifest: Invalid extension permission: mozillaAddons
1555996954799	addons.webextension.screenshots@mozilla.org	WARN	Loading extension 'screenshots@mozilla.org': Reading manifest: Invalid extension permission: resource://pdf.js/
1555996954800	addons.webextension.screenshots@mozilla.org	WARN	Loading extension 'screenshots@mozilla.org': Reading manifest: Invalid extension permission: about:reader*
1555996956001	Marionette	INFO	Listening on port 53602
1555996956025	Marionette	WARN	TLS certificate errors will be ignored for this session
JavaScript warning: https://ieeexplore.ieee.org/assets/dist/js/vendor.js?cv=20190416_000001, line 33: Error: WebGL warning: <SetDimensions>: Can't use WebGL in headless mode (https://bugzil.la/1375585).
JavaScript warning: https://ieeexplore.ieee.org/assets/dist/js/vendor.js?cv=20190416_000001, line 33: Error: WebGL warning: <SetDimensions>: Failed to create WebGL context: WebGL creation failed: 
* Can't use WebGL in headless mode (https://bugzil.la/1375585).
JavaScript warning: https://ieeexplore.ieee.org/assets/dist/js/vendor.js?cv=20190416_000001, line 33: Error: WebGL warning: <SetDimensions>: Can't use WebGL in headless mode (https://bugzil.la/1375585).
JavaScript warning: https://ieeexplore.ieee.org/assets/dist/js/vendor.js?cv=20190416_000001, line 33: Error: WebGL warning: <SetDimensions>: Failed to create WebGL context: WebGL creation failed: 
* Can't use WebGL in headless mode (https://bugzil.la/1375585).
1555996965255	Marionette	INFO	Stopped listening on port 53602
1555996966667	mozrunner::runner	INFO	Running command: "/Applications/Firefox.app/Contents/MacOS/firefox-bin" "-marionette" "--headless" "-foreground" "-no-remote" "-profile" "/var/folders/kd/7vdk5h_j6yvf9hg9ppbl1dzh0000gn/T/rust_mozprofile.RkMP1bOX6Wbr"
*** You are running in headless mode.
1555996967038	addons.webextension.screenshots@mozilla.org	WARN	Loading extension 'screenshots@mozilla.org': Reading manifest: Invalid extension permission: mozillaAddons
1555996967038	addons.webextension.screenshots@mozilla.org	WARN	Loading extension 'screenshots@mozilla.org': Reading manifest: Invalid extension permission: resource://pdf.js/
1555996967038	addons.webextension.screenshots@mozilla.org	WARN	Loading extension 'screenshots@mozilla.org': Reading manifest: Invalid extension permission: about:reader*
1555996968265	Marionette	INFO	Listening on port 53692
1555996968300	Marionette	WARN	TLS certificate errors will be ignored for this session
JavaScript warning: https://ieeexplore.ieee.org/assets/dist/js/vendor.js?cv=20190416_000001, line 33: Error: WebGL warning: <SetDimensions>: Can't use WebGL in headless mode (https://bugzil.la/1375585).
JavaScript warning: https://ieeexplore.ieee.org/assets/dist/js/vendor.js?cv=20190416_000001, line 33: Error: WebGL warning: <SetDimensions>: Failed to create WebGL context: WebGL creation failed: 
* Can't use WebGL in headless mode (https://bugzil.la/1375585).
JavaScript warning: https://ieeexplore.ieee.org/assets/dist/js/vendor.js?cv=20190416_000001, line 33: Error: WebGL warning: <SetDimensions>: Can't use WebGL in headless mode (https://bugzil.la/1375585).
JavaScript warning: https://ieeexplore.ieee.org/assets/dist/js/vendor.js?cv=20190416_000001, line 33: Error: WebGL warning: <SetDimensions>: Failed to create WebGL context: WebGL creation failed: 
* Can't use WebGL in headless mode (https://bugzil.la/1375585).
1555996982221	Marionette	INFO	Stopped listening on port 53692
JavaScript error: https://ieeexplore.ieee.org/assets/dist/ng-new/polyfills.bundle.js?cv=20190416_000001, line 1: NS_ERROR_NOT_INITIALIZED: 
1555996983648	mozrunner::runner	INFO	Running command: "/Applications/Firefox.app/Contents/MacOS/firefox-bin" "-marionette" "--headless" "-foreground" "-no-remote" "-profile" "/var/folders/kd/7vdk5h_j6yvf9hg9ppbl1dzh0000gn/T/rust_mozprofile.tUt5PDll6ZWo"
*** You are running in headless mode.
1555996984010	addons.webextension.screenshots@mozilla.org	WARN	Loading extension 'screenshots@mozilla.org': Reading manifest: Invalid extension permission: mozillaAddons
1555996984010	addons.webextension.screenshots@mozilla.org	WARN	Loading extension 'screenshots@mozilla.org': Reading manifest: Invalid extension permission: resource://pdf.js/
1555996984010	addons.webextension.screenshots@mozilla.org	WARN	Loading extension 'screenshots@mozilla.org': Reading manifest: Invalid extension permission: about:reader*
1555996985202	Marionette	INFO	Listening on port 53801
1555996985292	Marionette	WARN	TLS certificate errors will be ignored for this session
JavaScript warning: https://ieeexplore.ieee.org/assets/dist/js/vendor.js?cv=20190416_000001, line 33: Error: WebGL warning: <SetDimensions>: Can't use WebGL in headless mode (https://bugzil.la/1375585).
JavaScript warning: https://ieeexplore.ieee.org/assets/dist/js/vendor.js?cv=20190416_000001, line 33: Error: WebGL warning: <SetDimensions>: Failed to create WebGL context: WebGL creation failed: 
* Can't use WebGL in headless mode (https://bugzil.la/1375585).
JavaScript warning: https://ieeexplore.ieee.org/assets/dist/js/vendor.js?cv=20190416_000001, line 33: Error: WebGL warning: <SetDimensions>: Can't use WebGL in headless mode (https://bugzil.la/1375585).
JavaScript warning: https://ieeexplore.ieee.org/assets/dist/js/vendor.js?cv=20190416_000001, line 33: Error: WebGL warning: <SetDimensions>: Failed to create WebGL context: WebGL creation failed: 
* Can't use WebGL in headless mode (https://bugzil.la/1375585).
1555996993908	Marionette	INFO	Stopped listening on port 53801
1555996995336	mozrunner::runner	INFO	Running command: "/Applications/Firefox.app/Contents/MacOS/firefox-bin" "-marionette" "--headless" "-foreground" "-no-remote" "-profile" "/var/folders/kd/7vdk5h_j6yvf9hg9ppbl1dzh0000gn/T/rust_mozprofile.UiXoEjlf1tji"
*** You are running in headless mode.
1555996995699	addons.webextension.screenshots@mozilla.org	WARN	Loading extension 'screenshots@mozilla.org': Reading manifest: Invalid extension permission: mozillaAddons
1555996995700	addons.webextension.screenshots@mozilla.org	WARN	Loading extension 'screenshots@mozilla.org': Reading manifest: Invalid extension permission: resource://pdf.js/
1555996995700	addons.webextension.screenshots@mozilla.org	WARN	Loading extension 'screenshots@mozilla.org': Reading manifest: Invalid extension permission: about:reader*
1555996996865	Marionette	INFO	Listening on port 53894
1555996996873	Marionette	WARN	TLS certificate errors will be ignored for this session
JavaScript warning: https://ieeexplore.ieee.org/assets/dist/js/vendor.js?cv=20190416_000001, line 33: Error: WebGL warning: <SetDimensions>: Can't use WebGL in headless mode (https://bugzil.la/1375585).
JavaScript warning: https://ieeexplore.ieee.org/assets/dist/js/vendor.js?cv=20190416_000001, line 33: Error: WebGL warning: <SetDimensions>: Failed to create WebGL context: WebGL creation failed: 
* Can't use WebGL in headless mode (https://bugzil.la/1375585).
JavaScript warning: https://ieeexplore.ieee.org/assets/dist/js/vendor.js?cv=20190416_000001, line 33: Error: WebGL warning: <SetDimensions>: Can't use WebGL in headless mode (https://bugzil.la/1375585).
JavaScript warning: https://ieeexplore.ieee.org/assets/dist/js/vendor.js?cv=20190416_000001, line 33: Error: WebGL warning: <SetDimensions>: Failed to create WebGL context: WebGL creation failed: 
* Can't use WebGL in headless mode (https://bugzil.la/1375585).
1555997006907	Marionette	INFO	Stopped listening on port 53894
JavaScript error: resource://gre/modules/WebProgressChild.jsm, line 61: TypeError: this.mm.content is null
1555997008318	mozrunner::runner	INFO	Running command: "/Applications/Firefox.app/Contents/MacOS/firefox-bin" "-marionette" "--headless" "-foreground" "-no-remote" "-profile" "/var/folders/kd/7vdk5h_j6yvf9hg9ppbl1dzh0000gn/T/rust_mozprofile.f6To4aGCxxiY"
*** You are running in headless mode.
1555997008693	addons.webextension.screenshots@mozilla.org	WARN	Loading extension 'screenshots@mozilla.org': Reading manifest: Invalid extension permission: mozillaAddons
1555997008694	addons.webextension.screenshots@mozilla.org	WARN	Loading extension 'screenshots@mozilla.org': Reading manifest: Invalid extension permission: resource://pdf.js/
1555997008694	addons.webextension.screenshots@mozilla.org	WARN	Loading extension 'screenshots@mozilla.org': Reading manifest: Invalid extension permission: about:reader*
1555997009865	Marionette	INFO	Listening on port 53990
1555997009943	Marionette	WARN	TLS certificate errors will be ignored for this session
JavaScript warning: https://ieeexplore.ieee.org/assets/dist/js/vendor.js?cv=20190416_000001, line 33: Error: WebGL warning: <SetDimensions>: Can't use WebGL in headless mode (https://bugzil.la/1375585).
JavaScript warning: https://ieeexplore.ieee.org/assets/dist/js/vendor.js?cv=20190416_000001, line 33: Error: WebGL warning: <SetDimensions>: Failed to create WebGL context: WebGL creation failed: 
* Can't use WebGL in headless mode (https://bugzil.la/1375585).
JavaScript warning: https://ieeexplore.ieee.org/assets/dist/js/vendor.js?cv=20190416_000001, line 33: Error: WebGL warning: <SetDimensions>: Can't use WebGL in headless mode (https://bugzil.la/1375585).
JavaScript warning: https://ieeexplore.ieee.org/assets/dist/js/vendor.js?cv=20190416_000001, line 33: Error: WebGL warning: <SetDimensions>: Failed to create WebGL context: WebGL creation failed: 
* Can't use WebGL in headless mode (https://bugzil.la/1375585).
1555997019197	Marionette	INFO	Stopped listening on port 53990
JavaScript error: https://ieeexplore.ieee.org/assets/dist/ng-new/polyfills.bundle.js?cv=20190416_000001, line 1: NS_ERROR_NOT_INITIALIZED: 
1555997020618	mozrunner::runner	INFO	Running command: "/Applications/Firefox.app/Contents/MacOS/firefox-bin" "-marionette" "--headless" "-foreground" "-no-remote" "-profile" "/var/folders/kd/7vdk5h_j6yvf9hg9ppbl1dzh0000gn/T/rust_mozprofile.TxUqWL9gFHcB"
*** You are running in headless mode.
1555997020996	addons.webextension.screenshots@mozilla.org	WARN	Loading extension 'screenshots@mozilla.org': Reading manifest: Invalid extension permission: mozillaAddons
1555997020996	addons.webextension.screenshots@mozilla.org	WARN	Loading extension 'screenshots@mozilla.org': Reading manifest: Invalid extension permission: resource://pdf.js/
1555997020996	addons.webextension.screenshots@mozilla.org	WARN	Loading extension 'screenshots@mozilla.org': Reading manifest: Invalid extension permission: about:reader*
1555997022184	Marionette	INFO	Listening on port 54086
1555997022256	Marionette	WARN	TLS certificate errors will be ignored for this session
JavaScript warning: https://ieeexplore.ieee.org/assets/dist/js/vendor.js?cv=20190416_000001, line 33: Error: WebGL warning: <SetDimensions>: Can't use WebGL in headless mode (https://bugzil.la/1375585).
JavaScript warning: https://ieeexplore.ieee.org/assets/dist/js/vendor.js?cv=20190416_000001, line 33: Error: WebGL warning: <SetDimensions>: Failed to create WebGL context: WebGL creation failed: 
* Can't use WebGL in headless mode (https://bugzil.la/1375585).
JavaScript warning: https://ieeexplore.ieee.org/assets/dist/js/vendor.js?cv=20190416_000001, line 33: Error: WebGL warning: <SetDimensions>: Can't use WebGL in headless mode (https://bugzil.la/1375585).
JavaScript warning: https://ieeexplore.ieee.org/assets/dist/js/vendor.js?cv=20190416_000001, line 33: Error: WebGL warning: <SetDimensions>: Failed to create WebGL context: WebGL creation failed: 
* Can't use WebGL in headless mode (https://bugzil.la/1375585).
1555997034658	Marionette	INFO	Stopped listening on port 54086
1555997036072	mozrunner::runner	INFO	Running command: "/Applications/Firefox.app/Contents/MacOS/firefox-bin" "-marionette" "--headless" "-foreground" "-no-remote" "-profile" "/var/folders/kd/7vdk5h_j6yvf9hg9ppbl1dzh0000gn/T/rust_mozprofile.SX08lIXOlV8a"
*** You are running in headless mode.
1555997036450	addons.webextension.screenshots@mozilla.org	WARN	Loading extension 'screenshots@mozilla.org': Reading manifest: Invalid extension permission: mozillaAddons
1555997036450	addons.webextension.screenshots@mozilla.org	WARN	Loading extension 'screenshots@mozilla.org': Reading manifest: Invalid extension permission: resource://pdf.js/
1555997036450	addons.webextension.screenshots@mozilla.org	WARN	Loading extension 'screenshots@mozilla.org': Reading manifest: Invalid extension permission: about:reader*
1555997037658	Marionette	INFO	Listening on port 54179
1555997037707	Marionette	WARN	TLS certificate errors will be ignored for this session
JavaScript warning: https://ieeexplore.ieee.org/assets/dist/js/vendor.js?cv=20190416_000001, line 33: Error: WebGL warning: <SetDimensions>: Can't use WebGL in headless mode (https://bugzil.la/1375585).
JavaScript warning: https://ieeexplore.ieee.org/assets/dist/js/vendor.js?cv=20190416_000001, line 33: Error: WebGL warning: <SetDimensions>: Failed to create WebGL context: WebGL creation failed: 
* Can't use WebGL in headless mode (https://bugzil.la/1375585).
JavaScript warning: https://ieeexplore.ieee.org/assets/dist/js/vendor.js?cv=20190416_000001, line 33: Error: WebGL warning: <SetDimensions>: Can't use WebGL in headless mode (https://bugzil.la/1375585).
JavaScript warning: https://ieeexplore.ieee.org/assets/dist/js/vendor.js?cv=20190416_000001, line 33: Error: WebGL warning: <SetDimensions>: Failed to create WebGL context: WebGL creation failed: 
* Can't use WebGL in headless mode (https://bugzil.la/1375585).
1555997048586	Marionette	INFO	Stopped listening on port 54179
1555997050002	mozrunner::runner	INFO	Running command: "/Applications/Firefox.app/Contents/MacOS/firefox-bin" "-marionette" "--headless" "-foreground" "-no-remote" "-profile" "/var/folders/kd/7vdk5h_j6yvf9hg9ppbl1dzh0000gn/T/rust_mozprofile.vWniBUI23VB3"
*** You are running in headless mode.
1555997050374	addons.webextension.screenshots@mozilla.org	WARN	Loading extension 'screenshots@mozilla.org': Reading manifest: Invalid extension permission: mozillaAddons
1555997050374	addons.webextension.screenshots@mozilla.org	WARN	Loading extension 'screenshots@mozilla.org': Reading manifest: Invalid extension permission: resource://pdf.js/
1555997050374	addons.webextension.screenshots@mozilla.org	WARN	Loading extension 'screenshots@mozilla.org': Reading manifest: Invalid extension permission: about:reader*
1555997051573	Marionette	INFO	Listening on port 54294
1555997051631	Marionette	WARN	TLS certificate errors will be ignored for this session
JavaScript warning: https://ieeexplore.ieee.org/assets/dist/js/vendor.js?cv=20190416_000001, line 33: Error: WebGL warning: <SetDimensions>: Can't use WebGL in headless mode (https://bugzil.la/1375585).
JavaScript warning: https://ieeexplore.ieee.org/assets/dist/js/vendor.js?cv=20190416_000001, line 33: Error: WebGL warning: <SetDimensions>: Failed to create WebGL context: WebGL creation failed: 
* Can't use WebGL in headless mode (https://bugzil.la/1375585).
JavaScript warning: https://ieeexplore.ieee.org/assets/dist/js/vendor.js?cv=20190416_000001, line 33: Error: WebGL warning: <SetDimensions>: Can't use WebGL in headless mode (https://bugzil.la/1375585).
JavaScript warning: https://ieeexplore.ieee.org/assets/dist/js/vendor.js?cv=20190416_000001, line 33: Error: WebGL warning: <SetDimensions>: Failed to create WebGL context: WebGL creation failed: 
* Can't use WebGL in headless mode (https://bugzil.la/1375585).
1555997065945	Marionette	INFO	Stopped listening on port 54294
JavaScript error: https://ieeexplore.ieee.org/assets/dist/ng-new/polyfills.bundle.js?cv=20190416_000001, line 1: NS_ERROR_NOT_INITIALIZED: 
1555997067363	mozrunner::runner	INFO	Running command: "/Applications/Firefox.app/Contents/MacOS/firefox-bin" "-marionette" "--headless" "-foreground" "-no-remote" "-profile" "/var/folders/kd/7vdk5h_j6yvf9hg9ppbl1dzh0000gn/T/rust_mozprofile.8cpYefZEDR5z"
*** You are running in headless mode.
1555997067752	addons.webextension.screenshots@mozilla.org	WARN	Loading extension 'screenshots@mozilla.org': Reading manifest: Invalid extension permission: mozillaAddons
1555997067753	addons.webextension.screenshots@mozilla.org	WARN	Loading extension 'screenshots@mozilla.org': Reading manifest: Invalid extension permission: resource://pdf.js/
1555997067753	addons.webextension.screenshots@mozilla.org	WARN	Loading extension 'screenshots@mozilla.org': Reading manifest: Invalid extension permission: about:reader*
1555997068938	Marionette	INFO	Listening on port 54406
1555997068992	Marionette	WARN	TLS certificate errors will be ignored for this session
JavaScript warning: https://ieeexplore.ieee.org/assets/dist/js/vendor.js?cv=20190416_000001, line 33: Error: WebGL warning: <SetDimensions>: Can't use WebGL in headless mode (https://bugzil.la/1375585).
JavaScript warning: https://ieeexplore.ieee.org/assets/dist/js/vendor.js?cv=20190416_000001, line 33: Error: WebGL warning: <SetDimensions>: Failed to create WebGL context: WebGL creation failed: 
* Can't use WebGL in headless mode (https://bugzil.la/1375585).
JavaScript warning: https://ieeexplore.ieee.org/assets/dist/js/vendor.js?cv=20190416_000001, line 33: Error: WebGL warning: <SetDimensions>: Can't use WebGL in headless mode (https://bugzil.la/1375585).
JavaScript warning: https://ieeexplore.ieee.org/assets/dist/js/vendor.js?cv=20190416_000001, line 33: Error: WebGL warning: <SetDimensions>: Failed to create WebGL context: WebGL creation failed: 
* Can't use WebGL in headless mode (https://bugzil.la/1375585).
1555997078312	Marionette	INFO	Stopped listening on port 54406
1555997079839	mozrunner::runner	INFO	Running command: "/Applications/Firefox.app/Contents/MacOS/firefox-bin" "-marionette" "--headless" "-foreground" "-no-remote" "-profile" "/var/folders/kd/7vdk5h_j6yvf9hg9ppbl1dzh0000gn/T/rust_mozprofile.BesaDzzeMPu1"
*** You are running in headless mode.
1555997080225	addons.webextension.screenshots@mozilla.org	WARN	Loading extension 'screenshots@mozilla.org': Reading manifest: Invalid extension permission: mozillaAddons
1555997080225	addons.webextension.screenshots@mozilla.org	WARN	Loading extension 'screenshots@mozilla.org': Reading manifest: Invalid extension permission: resource://pdf.js/
1555997080225	addons.webextension.screenshots@mozilla.org	WARN	Loading extension 'screenshots@mozilla.org': Reading manifest: Invalid extension permission: about:reader*
1555997081420	Marionette	INFO	Listening on port 54508
1555997081478	Marionette	WARN	TLS certificate errors will be ignored for this session
JavaScript warning: https://ieeexplore.ieee.org/assets/dist/js/vendor.js?cv=20190416_000001, line 33: Error: WebGL warning: <SetDimensions>: Can't use WebGL in headless mode (https://bugzil.la/1375585).
JavaScript warning: https://ieeexplore.ieee.org/assets/dist/js/vendor.js?cv=20190416_000001, line 33: Error: WebGL warning: <SetDimensions>: Failed to create WebGL context: WebGL creation failed: 
* Can't use WebGL in headless mode (https://bugzil.la/1375585).
JavaScript warning: https://ieeexplore.ieee.org/assets/dist/js/vendor.js?cv=20190416_000001, line 33: Error: WebGL warning: <SetDimensions>: Can't use WebGL in headless mode (https://bugzil.la/1375585).
JavaScript warning: https://ieeexplore.ieee.org/assets/dist/js/vendor.js?cv=20190416_000001, line 33: Error: WebGL warning: <SetDimensions>: Failed to create WebGL context: WebGL creation failed: 
* Can't use WebGL in headless mode (https://bugzil.la/1375585).
1555997092099	Marionette	INFO	Stopped listening on port 54508
1555997093519	mozrunner::runner	INFO	Running command: "/Applications/Firefox.app/Contents/MacOS/firefox-bin" "-marionette" "--headless" "-foreground" "-no-remote" "-profile" "/var/folders/kd/7vdk5h_j6yvf9hg9ppbl1dzh0000gn/T/rust_mozprofile.4DlRuVkZOVTp"
*** You are running in headless mode.
1555997093895	addons.webextension.screenshots@mozilla.org	WARN	Loading extension 'screenshots@mozilla.org': Reading manifest: Invalid extension permission: mozillaAddons
1555997093895	addons.webextension.screenshots@mozilla.org	WARN	Loading extension 'screenshots@mozilla.org': Reading manifest: Invalid extension permission: resource://pdf.js/
1555997093895	addons.webextension.screenshots@mozilla.org	WARN	Loading extension 'screenshots@mozilla.org': Reading manifest: Invalid extension permission: about:reader*
1555997095098	Marionette	INFO	Listening on port 54604
1555997095145	Marionette	WARN	TLS certificate errors will be ignored for this session
JavaScript warning: https://ieeexplore.ieee.org/assets/dist/js/vendor.js?cv=20190416_000001, line 33: Error: WebGL warning: <SetDimensions>: Can't use WebGL in headless mode (https://bugzil.la/1375585).
JavaScript warning: https://ieeexplore.ieee.org/assets/dist/js/vendor.js?cv=20190416_000001, line 33: Error: WebGL warning: <SetDimensions>: Failed to create WebGL context: WebGL creation failed: 
* Can't use WebGL in headless mode (https://bugzil.la/1375585).
JavaScript warning: https://ieeexplore.ieee.org/assets/dist/js/vendor.js?cv=20190416_000001, line 33: Error: WebGL warning: <SetDimensions>: Can't use WebGL in headless mode (https://bugzil.la/1375585).
JavaScript warning: https://ieeexplore.ieee.org/assets/dist/js/vendor.js?cv=20190416_000001, line 33: Error: WebGL warning: <SetDimensions>: Failed to create WebGL context: WebGL creation failed: 
* Can't use WebGL in headless mode (https://bugzil.la/1375585).
1555997107332	Marionette	INFO	Stopped listening on port 54604
1555997108761	mozrunner::runner	INFO	Running command: "/Applications/Firefox.app/Contents/MacOS/firefox-bin" "-marionette" "--headless" "-foreground" "-no-remote" "-profile" "/var/folders/kd/7vdk5h_j6yvf9hg9ppbl1dzh0000gn/T/rust_mozprofile.0g4GPHoAs4fU"
*** You are running in headless mode.
1555997109135	addons.webextension.screenshots@mozilla.org	WARN	Loading extension 'screenshots@mozilla.org': Reading manifest: Invalid extension permission: mozillaAddons
1555997109135	addons.webextension.screenshots@mozilla.org	WARN	Loading extension 'screenshots@mozilla.org': Reading manifest: Invalid extension permission: resource://pdf.js/
1555997109135	addons.webextension.screenshots@mozilla.org	WARN	Loading extension 'screenshots@mozilla.org': Reading manifest: Invalid extension permission: about:reader*
1555997110317	Marionette	INFO	Listening on port 54694
1555997110400	Marionette	WARN	TLS certificate errors will be ignored for this session
JavaScript warning: https://ieeexplore.ieee.org/assets/dist/js/vendor.js?cv=20190416_000001, line 33: Error: WebGL warning: <SetDimensions>: Can't use WebGL in headless mode (https://bugzil.la/1375585).
JavaScript warning: https://ieeexplore.ieee.org/assets/dist/js/vendor.js?cv=20190416_000001, line 33: Error: WebGL warning: <SetDimensions>: Failed to create WebGL context: WebGL creation failed: 
* Can't use WebGL in headless mode (https://bugzil.la/1375585).
JavaScript warning: https://ieeexplore.ieee.org/assets/dist/js/vendor.js?cv=20190416_000001, line 33: Error: WebGL warning: <SetDimensions>: Can't use WebGL in headless mode (https://bugzil.la/1375585).
JavaScript warning: https://ieeexplore.ieee.org/assets/dist/js/vendor.js?cv=20190416_000001, line 33: Error: WebGL warning: <SetDimensions>: Failed to create WebGL context: WebGL creation failed: 
* Can't use WebGL in headless mode (https://bugzil.la/1375585).
1555997126370	Marionette	INFO	Stopped listening on port 54694

###!!! [Child][RunMessage] Error: Channel closing: too late to send/recv, messages will be lost

1555997128319	mozrunner::runner	INFO	Running command: "/Applications/Firefox.app/Contents/MacOS/firefox-bin" "-marionette" "--headless" "-foreground" "-no-remote" "-profile" "/var/folders/kd/7vdk5h_j6yvf9hg9ppbl1dzh0000gn/T/rust_mozprofile.25oAN2d8UJWF"
*** You are running in headless mode.
1555997128737	addons.webextension.screenshots@mozilla.org	WARN	Loading extension 'screenshots@mozilla.org': Reading manifest: Invalid extension permission: mozillaAddons
1555997128738	addons.webextension.screenshots@mozilla.org	WARN	Loading extension 'screenshots@mozilla.org': Reading manifest: Invalid extension permission: resource://pdf.js/
1555997128738	addons.webextension.screenshots@mozilla.org	WARN	Loading extension 'screenshots@mozilla.org': Reading manifest: Invalid extension permission: about:reader*
1555997129925	Marionette	INFO	Listening on port 54800
1555997129949	Marionette	WARN	TLS certificate errors will be ignored for this session
JavaScript warning: https://ieeexplore.ieee.org/assets/dist/js/vendor.js?cv=20190416_000001, line 33: Error: WebGL warning: <SetDimensions>: Can't use WebGL in headless mode (https://bugzil.la/1375585).
JavaScript warning: https://ieeexplore.ieee.org/assets/dist/js/vendor.js?cv=20190416_000001, line 33: Error: WebGL warning: <SetDimensions>: Failed to create WebGL context: WebGL creation failed: 
* Can't use WebGL in headless mode (https://bugzil.la/1375585).
JavaScript warning: https://ieeexplore.ieee.org/assets/dist/js/vendor.js?cv=20190416_000001, line 33: Error: WebGL warning: <SetDimensions>: Can't use WebGL in headless mode (https://bugzil.la/1375585).
JavaScript warning: https://ieeexplore.ieee.org/assets/dist/js/vendor.js?cv=20190416_000001, line 33: Error: WebGL warning: <SetDimensions>: Failed to create WebGL context: WebGL creation failed: 
* Can't use WebGL in headless mode (https://bugzil.la/1375585).
1555997144273	Marionette	INFO	Stopped listening on port 54800
1555997145716	mozrunner::runner	INFO	Running command: "/Applications/Firefox.app/Contents/MacOS/firefox-bin" "-marionette" "--headless" "-foreground" "-no-remote" "-profile" "/var/folders/kd/7vdk5h_j6yvf9hg9ppbl1dzh0000gn/T/rust_mozprofile.VcwQrtknfiLB"
*** You are running in headless mode.
1555997146133	addons.webextension.screenshots@mozilla.org	WARN	Loading extension 'screenshots@mozilla.org': Reading manifest: Invalid extension permission: mozillaAddons
1555997146134	addons.webextension.screenshots@mozilla.org	WARN	Loading extension 'screenshots@mozilla.org': Reading manifest: Invalid extension permission: resource://pdf.js/
1555997146134	addons.webextension.screenshots@mozilla.org	WARN	Loading extension 'screenshots@mozilla.org': Reading manifest: Invalid extension permission: about:reader*
1555997147297	Marionette	INFO	Listening on port 54897
1555997147346	Marionette	WARN	TLS certificate errors will be ignored for this session
JavaScript warning: https://ieeexplore.ieee.org/assets/dist/js/vendor.js?cv=20190416_000001, line 33: Error: WebGL warning: <SetDimensions>: Can't use WebGL in headless mode (https://bugzil.la/1375585).
JavaScript warning: https://ieeexplore.ieee.org/assets/dist/js/vendor.js?cv=20190416_000001, line 33: Error: WebGL warning: <SetDimensions>: Failed to create WebGL context: WebGL creation failed: 
* Can't use WebGL in headless mode (https://bugzil.la/1375585).
JavaScript warning: https://ieeexplore.ieee.org/assets/dist/js/vendor.js?cv=20190416_000001, line 33: Error: WebGL warning: <SetDimensions>: Can't use WebGL in headless mode (https://bugzil.la/1375585).
JavaScript warning: https://ieeexplore.ieee.org/assets/dist/js/vendor.js?cv=20190416_000001, line 33: Error: WebGL warning: <SetDimensions>: Failed to create WebGL context: WebGL creation failed: 
* Can't use WebGL in headless mode (https://bugzil.la/1375585).
1555997156084	Marionette	INFO	Stopped listening on port 54897
1555997157510	mozrunner::runner	INFO	Running command: "/Applications/Firefox.app/Contents/MacOS/firefox-bin" "-marionette" "--headless" "-foreground" "-no-remote" "-profile" "/var/folders/kd/7vdk5h_j6yvf9hg9ppbl1dzh0000gn/T/rust_mozprofile.2eHGRyHSk2kg"
*** You are running in headless mode.
1555997157914	addons.webextension.screenshots@mozilla.org	WARN	Loading extension 'screenshots@mozilla.org': Reading manifest: Invalid extension permission: mozillaAddons
1555997157915	addons.webextension.screenshots@mozilla.org	WARN	Loading extension 'screenshots@mozilla.org': Reading manifest: Invalid extension permission: resource://pdf.js/
1555997157915	addons.webextension.screenshots@mozilla.org	WARN	Loading extension 'screenshots@mozilla.org': Reading manifest: Invalid extension permission: about:reader*
1555997159095	Marionette	INFO	Listening on port 54987
1555997159144	Marionette	WARN	TLS certificate errors will be ignored for this session
JavaScript warning: https://ieeexplore.ieee.org/assets/dist/js/vendor.js?cv=20190416_000001, line 33: Error: WebGL warning: <SetDimensions>: Can't use WebGL in headless mode (https://bugzil.la/1375585).
JavaScript warning: https://ieeexplore.ieee.org/assets/dist/js/vendor.js?cv=20190416_000001, line 33: Error: WebGL warning: <SetDimensions>: Failed to create WebGL context: WebGL creation failed: 
* Can't use WebGL in headless mode (https://bugzil.la/1375585).
JavaScript warning: https://ieeexplore.ieee.org/assets/dist/js/vendor.js?cv=20190416_000001, line 33: Error: WebGL warning: <SetDimensions>: Can't use WebGL in headless mode (https://bugzil.la/1375585).
JavaScript warning: https://ieeexplore.ieee.org/assets/dist/js/vendor.js?cv=20190416_000001, line 33: Error: WebGL warning: <SetDimensions>: Failed to create WebGL context: WebGL creation failed: 
* Can't use WebGL in headless mode (https://bugzil.la/1375585).
1555997173574	Marionette	INFO	Stopped listening on port 54987
1555997175006	mozrunner::runner	INFO	Running command: "/Applications/Firefox.app/Contents/MacOS/firefox-bin" "-marionette" "--headless" "-foreground" "-no-remote" "-profile" "/var/folders/kd/7vdk5h_j6yvf9hg9ppbl1dzh0000gn/T/rust_mozprofile.7QtNXNkrDwYg"
*** You are running in headless mode.
1555997175380	addons.webextension.screenshots@mozilla.org	WARN	Loading extension 'screenshots@mozilla.org': Reading manifest: Invalid extension permission: mozillaAddons
1555997175380	addons.webextension.screenshots@mozilla.org	WARN	Loading extension 'screenshots@mozilla.org': Reading manifest: Invalid extension permission: resource://pdf.js/
1555997175380	addons.webextension.screenshots@mozilla.org	WARN	Loading extension 'screenshots@mozilla.org': Reading manifest: Invalid extension permission: about:reader*
1555997176561	Marionette	INFO	Listening on port 55087
1555997176636	Marionette	WARN	TLS certificate errors will be ignored for this session
JavaScript warning: https://ieeexplore.ieee.org/assets/dist/js/vendor.js?cv=20190416_000001, line 33: Error: WebGL warning: <SetDimensions>: Can't use WebGL in headless mode (https://bugzil.la/1375585).
JavaScript warning: https://ieeexplore.ieee.org/assets/dist/js/vendor.js?cv=20190416_000001, line 33: Error: WebGL warning: <SetDimensions>: Failed to create WebGL context: WebGL creation failed: 
* Can't use WebGL in headless mode (https://bugzil.la/1375585).
JavaScript warning: https://ieeexplore.ieee.org/assets/dist/js/vendor.js?cv=20190416_000001, line 33: Error: WebGL warning: <SetDimensions>: Can't use WebGL in headless mode (https://bugzil.la/1375585).
JavaScript warning: https://ieeexplore.ieee.org/assets/dist/js/vendor.js?cv=20190416_000001, line 33: Error: WebGL warning: <SetDimensions>: Failed to create WebGL context: WebGL creation failed: 
* Can't use WebGL in headless mode (https://bugzil.la/1375585).
console.error: BroadcastService: 
  receivedBroadcastMessage: handler for
  remote-settings/monitor_changes
  threw error:
  Message: Error: Polling for changes failed: NetworkError when attempting to fetch resource..
  Stack:
    remoteSettingsFunction/remoteSettings.pollChanges@resource://services-settings/remote-settings.js:190:13

1555997237488	Marionette	INFO	Stopped listening on port 55087
1555997238909	mozrunner::runner	INFO	Running command: "/Applications/Firefox.app/Contents/MacOS/firefox-bin" "-marionette" "--headless" "-foreground" "-no-remote" "-profile" "/var/folders/kd/7vdk5h_j6yvf9hg9ppbl1dzh0000gn/T/rust_mozprofile.L7IVKr8TkvKT"
*** You are running in headless mode.
1555997239292	addons.webextension.screenshots@mozilla.org	WARN	Loading extension 'screenshots@mozilla.org': Reading manifest: Invalid extension permission: mozillaAddons
1555997239292	addons.webextension.screenshots@mozilla.org	WARN	Loading extension 'screenshots@mozilla.org': Reading manifest: Invalid extension permission: resource://pdf.js/
1555997239292	addons.webextension.screenshots@mozilla.org	WARN	Loading extension 'screenshots@mozilla.org': Reading manifest: Invalid extension permission: about:reader*
1555997240456	Marionette	INFO	Listening on port 55203
1555997240543	Marionette	WARN	TLS certificate errors will be ignored for this session
JavaScript warning: https://ieeexplore.ieee.org/assets/dist/js/vendor.js?cv=20190416_000001, line 33: Error: WebGL warning: <SetDimensions>: Can't use WebGL in headless mode (https://bugzil.la/1375585).
JavaScript warning: https://ieeexplore.ieee.org/assets/dist/js/vendor.js?cv=20190416_000001, line 33: Error: WebGL warning: <SetDimensions>: Failed to create WebGL context: WebGL creation failed: 
* Can't use WebGL in headless mode (https://bugzil.la/1375585).
JavaScript warning: https://ieeexplore.ieee.org/assets/dist/js/vendor.js?cv=20190416_000001, line 33: Error: WebGL warning: <SetDimensions>: Can't use WebGL in headless mode (https://bugzil.la/1375585).
JavaScript warning: https://ieeexplore.ieee.org/assets/dist/js/vendor.js?cv=20190416_000001, line 33: Error: WebGL warning: <SetDimensions>: Failed to create WebGL context: WebGL creation failed: 
* Can't use WebGL in headless mode (https://bugzil.la/1375585).
console.error: BroadcastService: 
  receivedBroadcastMessage: handler for
  remote-settings/monitor_changes
  threw error:
  Message: Error: Polling for changes failed: NetworkError when attempting to fetch resource..
  Stack:
    remoteSettingsFunction/remoteSettings.pollChanges@resource://services-settings/remote-settings.js:190:13

1555997301112	Marionette	INFO	Stopped listening on port 55203
1555997302533	mozrunner::runner	INFO	Running command: "/Applications/Firefox.app/Contents/MacOS/firefox-bin" "-marionette" "--headless" "-foreground" "-no-remote" "-profile" "/var/folders/kd/7vdk5h_j6yvf9hg9ppbl1dzh0000gn/T/rust_mozprofile.8kuoxpKv8xpQ"
*** You are running in headless mode.
1555997302906	addons.webextension.screenshots@mozilla.org	WARN	Loading extension 'screenshots@mozilla.org': Reading manifest: Invalid extension permission: mozillaAddons
1555997302906	addons.webextension.screenshots@mozilla.org	WARN	Loading extension 'screenshots@mozilla.org': Reading manifest: Invalid extension permission: resource://pdf.js/
1555997302906	addons.webextension.screenshots@mozilla.org	WARN	Loading extension 'screenshots@mozilla.org': Reading manifest: Invalid extension permission: about:reader*
1555997304075	Marionette	INFO	Listening on port 55326
1555997304154	Marionette	WARN	TLS certificate errors will be ignored for this session
JavaScript warning: https://ieeexplore.ieee.org/assets/dist/js/vendor.js?cv=20190416_000001, line 33: Error: WebGL warning: <SetDimensions>: Can't use WebGL in headless mode (https://bugzil.la/1375585).
JavaScript warning: https://ieeexplore.ieee.org/assets/dist/js/vendor.js?cv=20190416_000001, line 33: Error: WebGL warning: <SetDimensions>: Failed to create WebGL context: WebGL creation failed: 
* Can't use WebGL in headless mode (https://bugzil.la/1375585).
JavaScript warning: https://ieeexplore.ieee.org/assets/dist/js/vendor.js?cv=20190416_000001, line 33: Error: WebGL warning: <SetDimensions>: Can't use WebGL in headless mode (https://bugzil.la/1375585).
JavaScript warning: https://ieeexplore.ieee.org/assets/dist/js/vendor.js?cv=20190416_000001, line 33: Error: WebGL warning: <SetDimensions>: Failed to create WebGL context: WebGL creation failed: 
* Can't use WebGL in headless mode (https://bugzil.la/1375585).
console.error: BroadcastService: 
  receivedBroadcastMessage: handler for
  remote-settings/monitor_changes
  threw error:
  Message: Error: Polling for changes failed: NetworkError when attempting to fetch resource..
  Stack:
    remoteSettingsFunction/remoteSettings.pollChanges@resource://services-settings/remote-settings.js:190:13

1555997365067	Marionette	INFO	Stopped listening on port 55326
1555997366500	mozrunner::runner	INFO	Running command: "/Applications/Firefox.app/Contents/MacOS/firefox-bin" "-marionette" "--headless" "-foreground" "-no-remote" "-profile" "/var/folders/kd/7vdk5h_j6yvf9hg9ppbl1dzh0000gn/T/rust_mozprofile.lokQtaeNqSt6"
*** You are running in headless mode.
1555997366874	addons.webextension.screenshots@mozilla.org	WARN	Loading extension 'screenshots@mozilla.org': Reading manifest: Invalid extension permission: mozillaAddons
1555997366874	addons.webextension.screenshots@mozilla.org	WARN	Loading extension 'screenshots@mozilla.org': Reading manifest: Invalid extension permission: resource://pdf.js/
1555997366874	addons.webextension.screenshots@mozilla.org	WARN	Loading extension 'screenshots@mozilla.org': Reading manifest: Invalid extension permission: about:reader*
1555997368044	Marionette	INFO	Listening on port 55442
1555997368140	Marionette	WARN	TLS certificate errors will be ignored for this session
JavaScript warning: https://ieeexplore.ieee.org/assets/dist/js/vendor.js?cv=20190416_000001, line 33: Error: WebGL warning: <SetDimensions>: Can't use WebGL in headless mode (https://bugzil.la/1375585).
JavaScript warning: https://ieeexplore.ieee.org/assets/dist/js/vendor.js?cv=20190416_000001, line 33: Error: WebGL warning: <SetDimensions>: Failed to create WebGL context: WebGL creation failed: 
* Can't use WebGL in headless mode (https://bugzil.la/1375585).
JavaScript warning: https://ieeexplore.ieee.org/assets/dist/js/vendor.js?cv=20190416_000001, line 33: Error: WebGL warning: <SetDimensions>: Can't use WebGL in headless mode (https://bugzil.la/1375585).
JavaScript warning: https://ieeexplore.ieee.org/assets/dist/js/vendor.js?cv=20190416_000001, line 33: Error: WebGL warning: <SetDimensions>: Failed to create WebGL context: WebGL creation failed: 
* Can't use WebGL in headless mode (https://bugzil.la/1375585).
console.error: BroadcastService: 
  receivedBroadcastMessage: handler for
  remote-settings/monitor_changes
  threw error:
  Message: Error: Polling for changes failed: NetworkError when attempting to fetch resource..
  Stack:
    remoteSettingsFunction/remoteSettings.pollChanges@resource://services-settings/remote-settings.js:190:13

1555997428327	Marionette	INFO	Stopped listening on port 55442
1555997429745	mozrunner::runner	INFO	Running command: "/Applications/Firefox.app/Contents/MacOS/firefox-bin" "-marionette" "--headless" "-foreground" "-no-remote" "-profile" "/var/folders/kd/7vdk5h_j6yvf9hg9ppbl1dzh0000gn/T/rust_mozprofile.TyBfR3YDHsAl"
*** You are running in headless mode.
1555997430124	addons.webextension.screenshots@mozilla.org	WARN	Loading extension 'screenshots@mozilla.org': Reading manifest: Invalid extension permission: mozillaAddons
1555997430124	addons.webextension.screenshots@mozilla.org	WARN	Loading extension 'screenshots@mozilla.org': Reading manifest: Invalid extension permission: resource://pdf.js/
1555997430124	addons.webextension.screenshots@mozilla.org	WARN	Loading extension 'screenshots@mozilla.org': Reading manifest: Invalid extension permission: about:reader*
1555997431323	Marionette	INFO	Listening on port 55560
1555997431369	Marionette	WARN	TLS certificate errors will be ignored for this session
JavaScript warning: https://ieeexplore.ieee.org/assets/dist/js/vendor.js?cv=20190416_000001, line 33: Error: WebGL warning: <SetDimensions>: Can't use WebGL in headless mode (https://bugzil.la/1375585).
JavaScript warning: https://ieeexplore.ieee.org/assets/dist/js/vendor.js?cv=20190416_000001, line 33: Error: WebGL warning: <SetDimensions>: Failed to create WebGL context: WebGL creation failed: 
* Can't use WebGL in headless mode (https://bugzil.la/1375585).
JavaScript warning: https://ieeexplore.ieee.org/assets/dist/js/vendor.js?cv=20190416_000001, line 33: Error: WebGL warning: <SetDimensions>: Can't use WebGL in headless mode (https://bugzil.la/1375585).
JavaScript warning: https://ieeexplore.ieee.org/assets/dist/js/vendor.js?cv=20190416_000001, line 33: Error: WebGL warning: <SetDimensions>: Failed to create WebGL context: WebGL creation failed: 
* Can't use WebGL in headless mode (https://bugzil.la/1375585).
console.error: BroadcastService: 
  receivedBroadcastMessage: handler for
  remote-settings/monitor_changes
  threw error:
  Message: Error: Polling for changes failed: NetworkError when attempting to fetch resource..
  Stack:
    remoteSettingsFunction/remoteSettings.pollChanges@resource://services-settings/remote-settings.js:190:13

1555997491701	Marionette	INFO	Stopped listening on port 55560
1555997493120	mozrunner::runner	INFO	Running command: "/Applications/Firefox.app/Contents/MacOS/firefox-bin" "-marionette" "--headless" "-foreground" "-no-remote" "-profile" "/var/folders/kd/7vdk5h_j6yvf9hg9ppbl1dzh0000gn/T/rust_mozprofile.T6kwN069NHBs"
*** You are running in headless mode.
1555997493497	addons.webextension.screenshots@mozilla.org	WARN	Loading extension 'screenshots@mozilla.org': Reading manifest: Invalid extension permission: mozillaAddons
1555997493498	addons.webextension.screenshots@mozilla.org	WARN	Loading extension 'screenshots@mozilla.org': Reading manifest: Invalid extension permission: resource://pdf.js/
1555997493498	addons.webextension.screenshots@mozilla.org	WARN	Loading extension 'screenshots@mozilla.org': Reading manifest: Invalid extension permission: about:reader*
1555997494665	Marionette	INFO	Listening on port 55677
1555997494754	Marionette	WARN	TLS certificate errors will be ignored for this session
JavaScript warning: https://ieeexplore.ieee.org/assets/dist/js/vendor.js?cv=20190416_000001, line 33: Error: WebGL warning: <SetDimensions>: Can't use WebGL in headless mode (https://bugzil.la/1375585).
JavaScript warning: https://ieeexplore.ieee.org/assets/dist/js/vendor.js?cv=20190416_000001, line 33: Error: WebGL warning: <SetDimensions>: Failed to create WebGL context: WebGL creation failed: 
* Can't use WebGL in headless mode (https://bugzil.la/1375585).
JavaScript warning: https://ieeexplore.ieee.org/assets/dist/js/vendor.js?cv=20190416_000001, line 33: Error: WebGL warning: <SetDimensions>: Can't use WebGL in headless mode (https://bugzil.la/1375585).
JavaScript warning: https://ieeexplore.ieee.org/assets/dist/js/vendor.js?cv=20190416_000001, line 33: Error: WebGL warning: <SetDimensions>: Failed to create WebGL context: WebGL creation failed: 
* Can't use WebGL in headless mode (https://bugzil.la/1375585).
console.error: BroadcastService: 
  receivedBroadcastMessage: handler for
  remote-settings/monitor_changes
  threw error:
  Message: Error: Polling for changes failed: NetworkError when attempting to fetch resource..
  Stack:
    remoteSettingsFunction/remoteSettings.pollChanges@resource://services-settings/remote-settings.js:190:13

1555997555286	Marionette	INFO	Stopped listening on port 55677
1555997556709	mozrunner::runner	INFO	Running command: "/Applications/Firefox.app/Contents/MacOS/firefox-bin" "-marionette" "--headless" "-foreground" "-no-remote" "-profile" "/var/folders/kd/7vdk5h_j6yvf9hg9ppbl1dzh0000gn/T/rust_mozprofile.yTPhu9D5JTmv"
*** You are running in headless mode.
1555997557080	addons.webextension.screenshots@mozilla.org	WARN	Loading extension 'screenshots@mozilla.org': Reading manifest: Invalid extension permission: mozillaAddons
1555997557080	addons.webextension.screenshots@mozilla.org	WARN	Loading extension 'screenshots@mozilla.org': Reading manifest: Invalid extension permission: resource://pdf.js/
1555997557080	addons.webextension.screenshots@mozilla.org	WARN	Loading extension 'screenshots@mozilla.org': Reading manifest: Invalid extension permission: about:reader*
1555997558273	Marionette	INFO	Listening on port 55813
1555997558340	Marionette	WARN	TLS certificate errors will be ignored for this session
JavaScript warning: https://ieeexplore.ieee.org/assets/dist/js/vendor.js?cv=20190416_000001, line 33: Error: WebGL warning: <SetDimensions>: Can't use WebGL in headless mode (https://bugzil.la/1375585).
JavaScript warning: https://ieeexplore.ieee.org/assets/dist/js/vendor.js?cv=20190416_000001, line 33: Error: WebGL warning: <SetDimensions>: Failed to create WebGL context: WebGL creation failed: 
* Can't use WebGL in headless mode (https://bugzil.la/1375585).
JavaScript warning: https://ieeexplore.ieee.org/assets/dist/js/vendor.js?cv=20190416_000001, line 33: Error: WebGL warning: <SetDimensions>: Can't use WebGL in headless mode (https://bugzil.la/1375585).
JavaScript warning: https://ieeexplore.ieee.org/assets/dist/js/vendor.js?cv=20190416_000001, line 33: Error: WebGL warning: <SetDimensions>: Failed to create WebGL context: WebGL creation failed: 
* Can't use WebGL in headless mode (https://bugzil.la/1375585).
1555997619141	Marionette	INFO	Stopped listening on port 55813
1555997620568	mozrunner::runner	INFO	Running command: "/Applications/Firefox.app/Contents/MacOS/firefox-bin" "-marionette" "--headless" "-foreground" "-no-remote" "-profile" "/var/folders/kd/7vdk5h_j6yvf9hg9ppbl1dzh0000gn/T/rust_mozprofile.TInje3lejvrW"
*** You are running in headless mode.
1555997620987	addons.webextension.screenshots@mozilla.org	WARN	Loading extension 'screenshots@mozilla.org': Reading manifest: Invalid extension permission: mozillaAddons
1555997620987	addons.webextension.screenshots@mozilla.org	WARN	Loading extension 'screenshots@mozilla.org': Reading manifest: Invalid extension permission: resource://pdf.js/
1555997620987	addons.webextension.screenshots@mozilla.org	WARN	Loading extension 'screenshots@mozilla.org': Reading manifest: Invalid extension permission: about:reader*
1555997622166	Marionette	INFO	Listening on port 55926
1555997622198	Marionette	WARN	TLS certificate errors will be ignored for this session
JavaScript warning: https://ieeexplore.ieee.org/assets/dist/js/vendor.js?cv=20190416_000001, line 33: Error: WebGL warning: <SetDimensions>: Can't use WebGL in headless mode (https://bugzil.la/1375585).
JavaScript warning: https://ieeexplore.ieee.org/assets/dist/js/vendor.js?cv=20190416_000001, line 33: Error: WebGL warning: <SetDimensions>: Failed to create WebGL context: WebGL creation failed: 
* Can't use WebGL in headless mode (https://bugzil.la/1375585).
JavaScript warning: https://ieeexplore.ieee.org/assets/dist/js/vendor.js?cv=20190416_000001, line 33: Error: WebGL warning: <SetDimensions>: Can't use WebGL in headless mode (https://bugzil.la/1375585).
JavaScript warning: https://ieeexplore.ieee.org/assets/dist/js/vendor.js?cv=20190416_000001, line 33: Error: WebGL warning: <SetDimensions>: Failed to create WebGL context: WebGL creation failed: 
* Can't use WebGL in headless mode (https://bugzil.la/1375585).
console.error: BroadcastService: 
  receivedBroadcastMessage: handler for
  remote-settings/monitor_changes
  threw error:
  Message: Error: Polling for changes failed: NetworkError when attempting to fetch resource..
  Stack:
    remoteSettingsFunction/remoteSettings.pollChanges@resource://services-settings/remote-settings.js:190:13

1555997682688	Marionette	INFO	Stopped listening on port 55926
1555997684114	mozrunner::runner	INFO	Running command: "/Applications/Firefox.app/Contents/MacOS/firefox-bin" "-marionette" "--headless" "-foreground" "-no-remote" "-profile" "/var/folders/kd/7vdk5h_j6yvf9hg9ppbl1dzh0000gn/T/rust_mozprofile.WBI0r5KQtCBZ"
*** You are running in headless mode.
1555997684490	addons.webextension.screenshots@mozilla.org	WARN	Loading extension 'screenshots@mozilla.org': Reading manifest: Invalid extension permission: mozillaAddons
1555997684490	addons.webextension.screenshots@mozilla.org	WARN	Loading extension 'screenshots@mozilla.org': Reading manifest: Invalid extension permission: resource://pdf.js/
1555997684490	addons.webextension.screenshots@mozilla.org	WARN	Loading extension 'screenshots@mozilla.org': Reading manifest: Invalid extension permission: about:reader*
1555997685668	Marionette	INFO	Listening on port 56035
1555997685738	Marionette	WARN	TLS certificate errors will be ignored for this session
JavaScript warning: https://ieeexplore.ieee.org/assets/dist/js/vendor.js?cv=20190416_000001, line 33: Error: WebGL warning: <SetDimensions>: Can't use WebGL in headless mode (https://bugzil.la/1375585).
JavaScript warning: https://ieeexplore.ieee.org/assets/dist/js/vendor.js?cv=20190416_000001, line 33: Error: WebGL warning: <SetDimensions>: Failed to create WebGL context: WebGL creation failed: 
* Can't use WebGL in headless mode (https://bugzil.la/1375585).
JavaScript warning: https://ieeexplore.ieee.org/assets/dist/js/vendor.js?cv=20190416_000001, line 33: Error: WebGL warning: <SetDimensions>: Can't use WebGL in headless mode (https://bugzil.la/1375585).
JavaScript warning: https://ieeexplore.ieee.org/assets/dist/js/vendor.js?cv=20190416_000001, line 33: Error: WebGL warning: <SetDimensions>: Failed to create WebGL context: WebGL creation failed: 
* Can't use WebGL in headless mode (https://bugzil.la/1375585).
console.error: BroadcastService: 
  receivedBroadcastMessage: handler for
  remote-settings/monitor_changes
  threw error:
  Message: Error: Polling for changes failed: NetworkError when attempting to fetch resource..
  Stack:
    remoteSettingsFunction/remoteSettings.pollChanges@resource://services-settings/remote-settings.js:190:13

1555997745903	Marionette	INFO	Stopped listening on port 56035
